
*** Running vivado
    with args -log RAM.vds -m64 -product Vivado -mode batch -messageDb vivado.pb -notrace -source RAM.tcl


****** Vivado v2018.2 (64-bit)
  **** SW Build 2258646 on Thu Jun 14 20:03:12 MDT 2018
  **** IP Build 2256618 on Thu Jun 14 22:10:49 MDT 2018
    ** Copyright 1986-2018 Xilinx, Inc. All Rights Reserved.

source RAM.tcl -notrace
Command: synth_design -top RAM -part xc7vx485tffg1157-1 -mode out_of_context
Starting synth_design
Attempting to get a license for feature 'Synthesis' and/or device 'xc7vx485t'
INFO: [Common 17-349] Got license for feature 'Synthesis' and/or device 'xc7vx485t'
INFO: [Common 17-86] Your Synthesis license expires in 5 day(s)
INFO: Launching helper process for spawning children vivado processes
INFO: Helper process launched with PID 10416 
---------------------------------------------------------------------------------
Starting RTL Elaboration : Time (s): cpu = 00:00:07 ; elapsed = 00:00:08 . Memory (MB): peak = 445.426 ; gain = 98.918
---------------------------------------------------------------------------------
INFO: [Synth 8-638] synthesizing module 'RAM' [c:/Users/osman/OneDrive/Desktop/vernam chiper/vhdl/vernam_chiper/vernam_chiper.srcs/sources_1/ip/RAM/synth/RAM.vhd:76]
	Parameter C_FAMILY bound to: virtex7 - type: string 
	Parameter C_XDEVICEFAMILY bound to: virtex7 - type: string 
	Parameter C_ELABORATION_DIR bound to: ./ - type: string 
	Parameter C_INTERFACE_TYPE bound to: 0 - type: integer 
	Parameter C_AXI_TYPE bound to: 1 - type: integer 
	Parameter C_AXI_SLAVE_TYPE bound to: 0 - type: integer 
	Parameter C_USE_BRAM_BLOCK bound to: 0 - type: integer 
	Parameter C_ENABLE_32BIT_ADDRESS bound to: 0 - type: integer 
	Parameter C_CTRL_ECC_ALGO bound to: NONE - type: string 
	Parameter C_HAS_AXI_ID bound to: 0 - type: integer 
	Parameter C_AXI_ID_WIDTH bound to: 4 - type: integer 
	Parameter C_MEM_TYPE bound to: 2 - type: integer 
	Parameter C_BYTE_SIZE bound to: 9 - type: integer 
	Parameter C_ALGORITHM bound to: 1 - type: integer 
	Parameter C_PRIM_TYPE bound to: 1 - type: integer 
	Parameter C_LOAD_INIT_FILE bound to: 0 - type: integer 
	Parameter C_INIT_FILE_NAME bound to: no_coe_file_loaded - type: string 
	Parameter C_INIT_FILE bound to: RAM.mem - type: string 
	Parameter C_USE_DEFAULT_DATA bound to: 0 - type: integer 
	Parameter C_DEFAULT_DATA bound to: 0 - type: string 
	Parameter C_HAS_RSTA bound to: 0 - type: integer 
	Parameter C_RST_PRIORITY_A bound to: CE - type: string 
	Parameter C_RSTRAM_A bound to: 0 - type: integer 
	Parameter C_INITA_VAL bound to: 0 - type: string 
	Parameter C_HAS_ENA bound to: 1 - type: integer 
	Parameter C_HAS_REGCEA bound to: 0 - type: integer 
	Parameter C_USE_BYTE_WEA bound to: 0 - type: integer 
	Parameter C_WEA_WIDTH bound to: 1 - type: integer 
	Parameter C_WRITE_MODE_A bound to: WRITE_FIRST - type: string 
	Parameter C_WRITE_WIDTH_A bound to: 8 - type: integer 
	Parameter C_READ_WIDTH_A bound to: 8 - type: integer 
	Parameter C_WRITE_DEPTH_A bound to: 256 - type: integer 
	Parameter C_READ_DEPTH_A bound to: 256 - type: integer 
	Parameter C_ADDRA_WIDTH bound to: 8 - type: integer 
	Parameter C_HAS_RSTB bound to: 0 - type: integer 
	Parameter C_RST_PRIORITY_B bound to: CE - type: string 
	Parameter C_RSTRAM_B bound to: 0 - type: integer 
	Parameter C_INITB_VAL bound to: 0 - type: string 
	Parameter C_HAS_ENB bound to: 1 - type: integer 
	Parameter C_HAS_REGCEB bound to: 0 - type: integer 
	Parameter C_USE_BYTE_WEB bound to: 0 - type: integer 
	Parameter C_WEB_WIDTH bound to: 1 - type: integer 
	Parameter C_WRITE_MODE_B bound to: READ_FIRST - type: string 
	Parameter C_WRITE_WIDTH_B bound to: 8 - type: integer 
	Parameter C_READ_WIDTH_B bound to: 8 - type: integer 
	Parameter C_WRITE_DEPTH_B bound to: 256 - type: integer 
	Parameter C_READ_DEPTH_B bound to: 256 - type: integer 
	Parameter C_ADDRB_WIDTH bound to: 8 - type: integer 
	Parameter C_HAS_MEM_OUTPUT_REGS_A bound to: 1 - type: integer 
	Parameter C_HAS_MEM_OUTPUT_REGS_B bound to: 1 - type: integer 
	Parameter C_HAS_MUX_OUTPUT_REGS_A bound to: 0 - type: integer 
	Parameter C_HAS_MUX_OUTPUT_REGS_B bound to: 0 - type: integer 
	Parameter C_MUX_PIPELINE_STAGES bound to: 0 - type: integer 
	Parameter C_HAS_SOFTECC_INPUT_REGS_A bound to: 0 - type: integer 
	Parameter C_HAS_SOFTECC_OUTPUT_REGS_B bound to: 0 - type: integer 
	Parameter C_USE_SOFTECC bound to: 0 - type: integer 
	Parameter C_USE_ECC bound to: 0 - type: integer 
	Parameter C_EN_ECC_PIPE bound to: 0 - type: integer 
	Parameter C_HAS_INJECTERR bound to: 0 - type: integer 
	Parameter C_SIM_COLLISION_CHECK bound to: ALL - type: string 
	Parameter C_COMMON_CLK bound to: 1 - type: integer 
	Parameter C_DISABLE_WARN_BHV_COLL bound to: 0 - type: integer 
	Parameter C_EN_SLEEP_PIN bound to: 0 - type: integer 
	Parameter C_USE_URAM bound to: 0 - type: integer 
	Parameter C_EN_RDADDRA_CHG bound to: 0 - type: integer 
	Parameter C_EN_RDADDRB_CHG bound to: 0 - type: integer 
	Parameter C_EN_DEEPSLEEP_PIN bound to: 0 - type: integer 
	Parameter C_EN_SHUTDOWN_PIN bound to: 0 - type: integer 
	Parameter C_EN_SAFETY_CKT bound to: 0 - type: integer 
	Parameter C_DISABLE_WARN_BHV_RANGE bound to: 0 - type: integer 
	Parameter C_COUNT_36K_BRAM bound to: 0 - type: string 
	Parameter C_COUNT_18K_BRAM bound to: 1 - type: string 
	Parameter C_EST_POWER_SUMMARY bound to: Estimated Power for IP     :     2.7573 mW - type: string 
INFO: [Synth 8-3491] module 'blk_mem_gen_v8_4_1' declared at 'c:/Users/osman/OneDrive/Desktop/vernam chiper/vhdl/vernam_chiper/vernam_chiper.srcs/sources_1/ip/RAM/hdl/blk_mem_gen_v8_4_vhsyn_rfs.vhd:195313' bound to instance 'U0' of component 'blk_mem_gen_v8_4_1' [c:/Users/osman/OneDrive/Desktop/vernam chiper/vhdl/vernam_chiper/vernam_chiper.srcs/sources_1/ip/RAM/synth/RAM.vhd:247]
INFO: [Synth 8-256] done synthesizing module 'RAM' (9#1) [c:/Users/osman/OneDrive/Desktop/vernam chiper/vhdl/vernam_chiper/vernam_chiper.srcs/sources_1/ip/RAM/synth/RAM.vhd:76]
WARNING: [Synth 8-3331] design blk_mem_gen_prim_wrapper has unconnected port SSRA
WARNING: [Synth 8-3331] design blk_mem_gen_prim_wrapper has unconnected port SSRB
WARNING: [Synth 8-3331] design blk_mem_gen_prim_wrapper has unconnected port SLEEP
WARNING: [Synth 8-3331] design blk_mem_gen_prim_wrapper has unconnected port INJECTSBITERR
WARNING: [Synth 8-3331] design blk_mem_gen_prim_wrapper has unconnected port INJECTDBITERR
WARNING: [Synth 8-3331] design blk_mem_gen_prim_wrapper has unconnected port ECCPIPECE
WARNING: [Synth 8-3331] design blk_mem_gen_generic_cstr has unconnected port RSTA[0]
WARNING: [Synth 8-3331] design blk_mem_gen_generic_cstr has unconnected port RSTB[0]
WARNING: [Synth 8-3331] design blk_mem_gen_generic_cstr has unconnected port INJECTSBITERR
WARNING: [Synth 8-3331] design blk_mem_gen_generic_cstr has unconnected port INJECTDBITERR
WARNING: [Synth 8-3331] design blk_mem_output_block has unconnected port CLKB
WARNING: [Synth 8-3331] design blk_mem_output_block has unconnected port SBITERR_I
WARNING: [Synth 8-3331] design blk_mem_output_block has unconnected port DBITERR_I
WARNING: [Synth 8-3331] design blk_mem_output_block has unconnected port RDADDRECC_I[7]
WARNING: [Synth 8-3331] design blk_mem_output_block has unconnected port RDADDRECC_I[6]
WARNING: [Synth 8-3331] design blk_mem_output_block has unconnected port RDADDRECC_I[5]
WARNING: [Synth 8-3331] design blk_mem_output_block has unconnected port RDADDRECC_I[4]
WARNING: [Synth 8-3331] design blk_mem_output_block has unconnected port RDADDRECC_I[3]
WARNING: [Synth 8-3331] design blk_mem_output_block has unconnected port RDADDRECC_I[2]
WARNING: [Synth 8-3331] design blk_mem_output_block has unconnected port RDADDRECC_I[1]
WARNING: [Synth 8-3331] design blk_mem_output_block has unconnected port RDADDRECC_I[0]
WARNING: [Synth 8-3331] design blk_mem_input_block has unconnected port RSTA
WARNING: [Synth 8-3331] design blk_mem_input_block has unconnected port REGCEA
WARNING: [Synth 8-3331] design blk_mem_input_block has unconnected port RSTB
WARNING: [Synth 8-3331] design blk_mem_input_block has unconnected port REGCEB
WARNING: [Synth 8-3331] design blk_mem_input_block has unconnected port INJECTDBITERR
WARNING: [Synth 8-3331] design blk_mem_input_block has unconnected port INJECTSBITERR
WARNING: [Synth 8-3331] design blk_mem_gen_v8_4_1_synth has unconnected port CLKB
WARNING: [Synth 8-3331] design blk_mem_gen_v8_4_1_synth has unconnected port S_AClk
WARNING: [Synth 8-3331] design blk_mem_gen_v8_4_1_synth has unconnected port S_ARESETN
WARNING: [Synth 8-3331] design blk_mem_gen_v8_4_1_synth has unconnected port S_AXI_AWID[3]
WARNING: [Synth 8-3331] design blk_mem_gen_v8_4_1_synth has unconnected port S_AXI_AWID[2]
WARNING: [Synth 8-3331] design blk_mem_gen_v8_4_1_synth has unconnected port S_AXI_AWID[1]
WARNING: [Synth 8-3331] design blk_mem_gen_v8_4_1_synth has unconnected port S_AXI_AWID[0]
WARNING: [Synth 8-3331] design blk_mem_gen_v8_4_1_synth has unconnected port S_AXI_AWADDR[31]
WARNING: [Synth 8-3331] design blk_mem_gen_v8_4_1_synth has unconnected port S_AXI_AWADDR[30]
WARNING: [Synth 8-3331] design blk_mem_gen_v8_4_1_synth has unconnected port S_AXI_AWADDR[29]
WARNING: [Synth 8-3331] design blk_mem_gen_v8_4_1_synth has unconnected port S_AXI_AWADDR[28]
WARNING: [Synth 8-3331] design blk_mem_gen_v8_4_1_synth has unconnected port S_AXI_AWADDR[27]
WARNING: [Synth 8-3331] design blk_mem_gen_v8_4_1_synth has unconnected port S_AXI_AWADDR[26]
WARNING: [Synth 8-3331] design blk_mem_gen_v8_4_1_synth has unconnected port S_AXI_AWADDR[25]
WARNING: [Synth 8-3331] design blk_mem_gen_v8_4_1_synth has unconnected port S_AXI_AWADDR[24]
WARNING: [Synth 8-3331] design blk_mem_gen_v8_4_1_synth has unconnected port S_AXI_AWADDR[23]
WARNING: [Synth 8-3331] design blk_mem_gen_v8_4_1_synth has unconnected port S_AXI_AWADDR[22]
WARNING: [Synth 8-3331] design blk_mem_gen_v8_4_1_synth has unconnected port S_AXI_AWADDR[21]
WARNING: [Synth 8-3331] design blk_mem_gen_v8_4_1_synth has unconnected port S_AXI_AWADDR[20]
WARNING: [Synth 8-3331] design blk_mem_gen_v8_4_1_synth has unconnected port S_AXI_AWADDR[19]
WARNING: [Synth 8-3331] design blk_mem_gen_v8_4_1_synth has unconnected port S_AXI_AWADDR[18]
WARNING: [Synth 8-3331] design blk_mem_gen_v8_4_1_synth has unconnected port S_AXI_AWADDR[17]
WARNING: [Synth 8-3331] design blk_mem_gen_v8_4_1_synth has unconnected port S_AXI_AWADDR[16]
WARNING: [Synth 8-3331] design blk_mem_gen_v8_4_1_synth has unconnected port S_AXI_AWADDR[15]
WARNING: [Synth 8-3331] design blk_mem_gen_v8_4_1_synth has unconnected port S_AXI_AWADDR[14]
WARNING: [Synth 8-3331] design blk_mem_gen_v8_4_1_synth has unconnected port S_AXI_AWADDR[13]
WARNING: [Synth 8-3331] design blk_mem_gen_v8_4_1_synth has unconnected port S_AXI_AWADDR[12]
WARNING: [Synth 8-3331] design blk_mem_gen_v8_4_1_synth has unconnected port S_AXI_AWADDR[11]
WARNING: [Synth 8-3331] design blk_mem_gen_v8_4_1_synth has unconnected port S_AXI_AWADDR[10]
WARNING: [Synth 8-3331] design blk_mem_gen_v8_4_1_synth has unconnected port S_AXI_AWADDR[9]
WARNING: [Synth 8-3331] design blk_mem_gen_v8_4_1_synth has unconnected port S_AXI_AWADDR[8]
WARNING: [Synth 8-3331] design blk_mem_gen_v8_4_1_synth has unconnected port S_AXI_AWADDR[7]
WARNING: [Synth 8-3331] design blk_mem_gen_v8_4_1_synth has unconnected port S_AXI_AWADDR[6]
WARNING: [Synth 8-3331] design blk_mem_gen_v8_4_1_synth has unconnected port S_AXI_AWADDR[5]
WARNING: [Synth 8-3331] design blk_mem_gen_v8_4_1_synth has unconnected port S_AXI_AWADDR[4]
WARNING: [Synth 8-3331] design blk_mem_gen_v8_4_1_synth has unconnected port S_AXI_AWADDR[3]
WARNING: [Synth 8-3331] design blk_mem_gen_v8_4_1_synth has unconnected port S_AXI_AWADDR[2]
WARNING: [Synth 8-3331] design blk_mem_gen_v8_4_1_synth has unconnected port S_AXI_AWADDR[1]
WARNING: [Synth 8-3331] design blk_mem_gen_v8_4_1_synth has unconnected port S_AXI_AWADDR[0]
WARNING: [Synth 8-3331] design blk_mem_gen_v8_4_1_synth has unconnected port S_AXI_AWLEN[7]
WARNING: [Synth 8-3331] design blk_mem_gen_v8_4_1_synth has unconnected port S_AXI_AWLEN[6]
WARNING: [Synth 8-3331] design blk_mem_gen_v8_4_1_synth has unconnected port S_AXI_AWLEN[5]
WARNING: [Synth 8-3331] design blk_mem_gen_v8_4_1_synth has unconnected port S_AXI_AWLEN[4]
WARNING: [Synth 8-3331] design blk_mem_gen_v8_4_1_synth has unconnected port S_AXI_AWLEN[3]
WARNING: [Synth 8-3331] design blk_mem_gen_v8_4_1_synth has unconnected port S_AXI_AWLEN[2]
WARNING: [Synth 8-3331] design blk_mem_gen_v8_4_1_synth has unconnected port S_AXI_AWLEN[1]
WARNING: [Synth 8-3331] design blk_mem_gen_v8_4_1_synth has unconnected port S_AXI_AWLEN[0]
WARNING: [Synth 8-3331] design blk_mem_gen_v8_4_1_synth has unconnected port S_AXI_AWSIZE[2]
WARNING: [Synth 8-3331] design blk_mem_gen_v8_4_1_synth has unconnected port S_AXI_AWSIZE[1]
WARNING: [Synth 8-3331] design blk_mem_gen_v8_4_1_synth has unconnected port S_AXI_AWSIZE[0]
WARNING: [Synth 8-3331] design blk_mem_gen_v8_4_1_synth has unconnected port S_AXI_AWBURST[1]
WARNING: [Synth 8-3331] design blk_mem_gen_v8_4_1_synth has unconnected port S_AXI_AWBURST[0]
WARNING: [Synth 8-3331] design blk_mem_gen_v8_4_1_synth has unconnected port S_AXI_AWVALID
WARNING: [Synth 8-3331] design blk_mem_gen_v8_4_1_synth has unconnected port S_AXI_WDATA[7]
WARNING: [Synth 8-3331] design blk_mem_gen_v8_4_1_synth has unconnected port S_AXI_WDATA[6]
WARNING: [Synth 8-3331] design blk_mem_gen_v8_4_1_synth has unconnected port S_AXI_WDATA[5]
WARNING: [Synth 8-3331] design blk_mem_gen_v8_4_1_synth has unconnected port S_AXI_WDATA[4]
WARNING: [Synth 8-3331] design blk_mem_gen_v8_4_1_synth has unconnected port S_AXI_WDATA[3]
WARNING: [Synth 8-3331] design blk_mem_gen_v8_4_1_synth has unconnected port S_AXI_WDATA[2]
WARNING: [Synth 8-3331] design blk_mem_gen_v8_4_1_synth has unconnected port S_AXI_WDATA[1]
WARNING: [Synth 8-3331] design blk_mem_gen_v8_4_1_synth has unconnected port S_AXI_WDATA[0]
WARNING: [Synth 8-3331] design blk_mem_gen_v8_4_1_synth has unconnected port S_AXI_WSTRB[0]
WARNING: [Synth 8-3331] design blk_mem_gen_v8_4_1_synth has unconnected port S_AXI_WLAST
WARNING: [Synth 8-3331] design blk_mem_gen_v8_4_1_synth has unconnected port S_AXI_WVALID
WARNING: [Synth 8-3331] design blk_mem_gen_v8_4_1_synth has unconnected port S_AXI_BREADY
WARNING: [Synth 8-3331] design blk_mem_gen_v8_4_1_synth has unconnected port S_AXI_ARID[3]
WARNING: [Synth 8-3331] design blk_mem_gen_v8_4_1_synth has unconnected port S_AXI_ARID[2]
WARNING: [Synth 8-3331] design blk_mem_gen_v8_4_1_synth has unconnected port S_AXI_ARID[1]
WARNING: [Synth 8-3331] design blk_mem_gen_v8_4_1_synth has unconnected port S_AXI_ARID[0]
WARNING: [Synth 8-3331] design blk_mem_gen_v8_4_1_synth has unconnected port S_AXI_ARADDR[31]
WARNING: [Synth 8-3331] design blk_mem_gen_v8_4_1_synth has unconnected port S_AXI_ARADDR[30]
WARNING: [Synth 8-3331] design blk_mem_gen_v8_4_1_synth has unconnected port S_AXI_ARADDR[29]
WARNING: [Synth 8-3331] design blk_mem_gen_v8_4_1_synth has unconnected port S_AXI_ARADDR[28]
INFO: [Common 17-14] Message 'Synth 8-3331' appears 100 times and further instances of the messages will be disabled. Use the Tcl command set_msg_config to change the current settings.
---------------------------------------------------------------------------------
Finished RTL Elaboration : Time (s): cpu = 00:00:59 ; elapsed = 00:01:02 . Memory (MB): peak = 709.344 ; gain = 362.836
---------------------------------------------------------------------------------

Report Check Netlist: 
+------+------------------+-------+---------+-------+------------------+
|      |Item              |Errors |Warnings |Status |Description       |
+------+------------------+-------+---------+-------+------------------+
|1     |multi_driven_nets |      0|        0|Passed |Multi driven nets |
+------+------------------+-------+---------+-------+------------------+
---------------------------------------------------------------------------------
Start Handling Custom Attributes
---------------------------------------------------------------------------------
---------------------------------------------------------------------------------
Finished Handling Custom Attributes : Time (s): cpu = 00:00:59 ; elapsed = 00:01:02 . Memory (MB): peak = 709.344 ; gain = 362.836
---------------------------------------------------------------------------------
---------------------------------------------------------------------------------
Finished RTL Optimization Phase 1 : Time (s): cpu = 00:00:59 ; elapsed = 00:01:02 . Memory (MB): peak = 709.344 ; gain = 362.836
---------------------------------------------------------------------------------
INFO: [Netlist 29-17] Analyzing 1 Unisim elements for replacement
INFO: [Netlist 29-28] Unisim Transformation completed in 0 CPU seconds
INFO: [Device 21-403] Loading part xc7vx485tffg1157-1
INFO: [Project 1-570] Preparing netlist for logic optimization

Processing XDC Constraints
Initializing timing engine
Parsing XDC File [c:/Users/osman/OneDrive/Desktop/vernam chiper/vhdl/vernam_chiper/vernam_chiper.srcs/sources_1/ip/RAM/RAM_ooc.xdc] for cell 'U0'
Finished Parsing XDC File [c:/Users/osman/OneDrive/Desktop/vernam chiper/vhdl/vernam_chiper/vernam_chiper.srcs/sources_1/ip/RAM/RAM_ooc.xdc] for cell 'U0'
Parsing XDC File [C:/Users/osman/OneDrive/Desktop/vernam chiper/vhdl/vernam_chiper/vernam_chiper.runs/RAM_synth_1/dont_touch.xdc]
Finished Parsing XDC File [C:/Users/osman/OneDrive/Desktop/vernam chiper/vhdl/vernam_chiper/vernam_chiper.runs/RAM_synth_1/dont_touch.xdc]
Completed Processing XDC Constraints

INFO: [Project 1-111] Unisim Transformation Summary:
No Unisim elements were transformed.

Constraint Validation Runtime : Time (s): cpu = 00:00:00 ; elapsed = 00:00:00.019 . Memory (MB): peak = 929.348 ; gain = 1.129
---------------------------------------------------------------------------------
Finished Constraint Validation : Time (s): cpu = 00:01:18 ; elapsed = 00:01:27 . Memory (MB): peak = 929.348 ; gain = 582.840
---------------------------------------------------------------------------------
---------------------------------------------------------------------------------
Start Loading Part and Timing Information
---------------------------------------------------------------------------------
Loading part: xc7vx485tffg1157-1
---------------------------------------------------------------------------------
Finished Loading Part and Timing Information : Time (s): cpu = 00:01:18 ; elapsed = 00:01:27 . Memory (MB): peak = 929.348 ; gain = 582.840
---------------------------------------------------------------------------------
---------------------------------------------------------------------------------
Start Applying 'set_property' XDC Constraints
---------------------------------------------------------------------------------
Applied set_property DONT_TOUCH = true for U0. (constraint file  {C:/Users/osman/OneDrive/Desktop/vernam chiper/vhdl/vernam_chiper/vernam_chiper.runs/RAM_synth_1/dont_touch.xdc}, line 9).
---------------------------------------------------------------------------------
Finished applying 'set_property' XDC Constraints : Time (s): cpu = 00:01:18 ; elapsed = 00:01:27 . Memory (MB): peak = 929.348 ; gain = 582.840
---------------------------------------------------------------------------------
---------------------------------------------------------------------------------
Finished RTL Optimization Phase 2 : Time (s): cpu = 00:01:19 ; elapsed = 00:01:27 . Memory (MB): peak = 929.348 ; gain = 582.840
---------------------------------------------------------------------------------

Report RTL Partitions: 
+-+--------------+------------+----------+
| |RTL Partition |Replication |Instances |
+-+--------------+------------+----------+
+-+--------------+------------+----------+
---------------------------------------------------------------------------------
Start RTL Component Statistics 
---------------------------------------------------------------------------------
Detailed RTL Component Info : 
---------------------------------------------------------------------------------
Finished RTL Component Statistics 
---------------------------------------------------------------------------------
---------------------------------------------------------------------------------
Start RTL Hierarchical Component Statistics 
---------------------------------------------------------------------------------
Hierarchical RTL Component report 
---------------------------------------------------------------------------------
Finished RTL Hierarchical Component Statistics
---------------------------------------------------------------------------------
---------------------------------------------------------------------------------
Start Part Resource Summary
---------------------------------------------------------------------------------
Part Resources:
DSPs: 2800 (col length:140)
BRAMs: 2060 (col length: RAMB18 140 RAMB36 70)
---------------------------------------------------------------------------------
Finished Part Resource Summary
---------------------------------------------------------------------------------
---------------------------------------------------------------------------------
Start Cross Boundary and Area Optimization
---------------------------------------------------------------------------------
Warning: Parallel synthesis criteria is not met 
---------------------------------------------------------------------------------
Finished Cross Boundary and Area Optimization : Time (s): cpu = 00:01:19 ; elapsed = 00:01:28 . Memory (MB): peak = 929.348 ; gain = 582.840
---------------------------------------------------------------------------------

Report RTL Partitions: 
+-+--------------+------------+----------+
| |RTL Partition |Replication |Instances |
+-+--------------+------------+----------+
+-+--------------+------------+----------+
---------------------------------------------------------------------------------
Start Applying XDC Timing Constraints
---------------------------------------------------------------------------------
---------------------------------------------------------------------------------
Finished Applying XDC Timing Constraints : Time (s): cpu = 00:01:28 ; elapsed = 00:01:38 . Memory (MB): peak = 967.133 ; gain = 620.625
---------------------------------------------------------------------------------
---------------------------------------------------------------------------------
Start Timing Optimization
---------------------------------------------------------------------------------
---------------------------------------------------------------------------------
Finished Timing Optimization : Time (s): cpu = 00:01:28 ; elapsed = 00:01:38 . Memory (MB): peak = 967.207 ; gain = 620.699
---------------------------------------------------------------------------------

Report RTL Partitions: 
+-+--------------+------------+----------+
| |RTL Partition |Replication |Instances |
+-+--------------+------------+----------+
+-+--------------+------------+----------+
---------------------------------------------------------------------------------
Start Technology Mapping
---------------------------------------------------------------------------------
---------------------------------------------------------------------------------
Finished Technology Mapping : Time (s): cpu = 00:01:28 ; elapsed = 00:01:38 . Memory (MB): peak = 967.336 ; gain = 620.828
---------------------------------------------------------------------------------

Report RTL Partitions: 
+-+--------------+------------+----------+
| |RTL Partition |Replication |Instances |
+-+--------------+------------+----------+
+-+--------------+------------+----------+
---------------------------------------------------------------------------------
Start IO Insertion
---------------------------------------------------------------------------------
---------------------------------------------------------------------------------
Start Flattening Before IO Insertion
---------------------------------------------------------------------------------
---------------------------------------------------------------------------------
Finished Flattening Before IO Insertion
---------------------------------------------------------------------------------
---------------------------------------------------------------------------------
Start Final Netlist Cleanup
---------------------------------------------------------------------------------
---------------------------------------------------------------------------------
Finished Final Netlist Cleanup
---------------------------------------------------------------------------------
---------------------------------------------------------------------------------
Finished IO Insertion : Time (s): cpu = 00:01:29 ; elapsed = 00:01:39 . Memory (MB): peak = 968.465 ; gain = 621.957
---------------------------------------------------------------------------------

Report Check Netlist: 
+------+------------------+-------+---------+-------+------------------+
|      |Item              |Errors |Warnings |Status |Description       |
+------+------------------+-------+---------+-------+------------------+
|1     |multi_driven_nets |      0|        0|Passed |Multi driven nets |
+------+------------------+-------+---------+-------+------------------+
---------------------------------------------------------------------------------
Start Renaming Generated Instances
---------------------------------------------------------------------------------
---------------------------------------------------------------------------------
Finished Renaming Generated Instances : Time (s): cpu = 00:01:29 ; elapsed = 00:01:39 . Memory (MB): peak = 968.465 ; gain = 621.957
---------------------------------------------------------------------------------

Report RTL Partitions: 
+-+--------------+------------+----------+
| |RTL Partition |Replication |Instances |
+-+--------------+------------+----------+
+-+--------------+------------+----------+
---------------------------------------------------------------------------------
Start Rebuilding User Hierarchy
---------------------------------------------------------------------------------
---------------------------------------------------------------------------------
Finished Rebuilding User Hierarchy : Time (s): cpu = 00:01:29 ; elapsed = 00:01:39 . Memory (MB): peak = 968.465 ; gain = 621.957
---------------------------------------------------------------------------------
---------------------------------------------------------------------------------
Start Renaming Generated Ports
---------------------------------------------------------------------------------
---------------------------------------------------------------------------------
Finished Renaming Generated Ports : Time (s): cpu = 00:01:29 ; elapsed = 00:01:39 . Memory (MB): peak = 968.465 ; gain = 621.957
---------------------------------------------------------------------------------
---------------------------------------------------------------------------------
Start Handling Custom Attributes
---------------------------------------------------------------------------------
---------------------------------------------------------------------------------
Finished Handling Custom Attributes : Time (s): cpu = 00:01:29 ; elapsed = 00:01:39 . Memory (MB): peak = 968.465 ; gain = 621.957
---------------------------------------------------------------------------------
---------------------------------------------------------------------------------
Start Renaming Generated Nets
---------------------------------------------------------------------------------
---------------------------------------------------------------------------------
Finished Renaming Generated Nets : Time (s): cpu = 00:01:29 ; elapsed = 00:01:39 . Memory (MB): peak = 968.465 ; gain = 621.957
---------------------------------------------------------------------------------
---------------------------------------------------------------------------------
Start Writing Synthesis Report
---------------------------------------------------------------------------------

Report BlackBoxes: 
+-+--------------+----------+
| |BlackBox name |Instances |
+-+--------------+----------+
+-+--------------+----------+

Report Cell Usage: 
+------+---------+------+
|      |Cell     |Count |
+------+---------+------+
|1     |RAMB18E1 |     1|
+------+---------+------+

Report Instance Areas: 
+------+---------------------------------------------+-------------------------+------+
|      |Instance                                     |Module                   |Cells |
+------+---------------------------------------------+-------------------------+------+
|1     |top                                          |                         |     1|
|2     |  U0                                         |blk_mem_gen_v8_4_1       |     1|
|3     |    inst_blk_mem_gen                         |blk_mem_gen_v8_4_1_synth |     1|
|4     |      \gnbram.gnativebmg.native_blk_mem_gen  |blk_mem_gen_top          |     1|
|5     |        \valid.cstr                          |blk_mem_gen_generic_cstr |     1|
|6     |          \ramloop[0].ram.r                  |blk_mem_gen_prim_width   |     1|
|7     |            \prim_noinit.ram                 |blk_mem_gen_prim_wrapper |     1|
+------+---------------------------------------------+-------------------------+------+
---------------------------------------------------------------------------------
Finished Writing Synthesis Report : Time (s): cpu = 00:01:29 ; elapsed = 00:01:39 . Memory (MB): peak = 968.465 ; gain = 621.957
---------------------------------------------------------------------------------
Synthesis finished with 0 errors, 0 critical warnings and 128 warnings.
Synthesis Optimization Runtime : Time (s): cpu = 00:00:13 ; elapsed = 00:01:17 . Memory (MB): peak = 968.465 ; gain = 401.953
Synthesis Optimization Complete : Time (s): cpu = 00:01:29 ; elapsed = 00:01:39 . Memory (MB): peak = 968.465 ; gain = 621.957
INFO: [Project 1-571] Translating synthesized netlist
INFO: [Netlist 29-17] Analyzing 1 Unisim elements for replacement
INFO: [Netlist 29-28] Unisim Transformation completed in 0 CPU seconds
INFO: [Project 1-570] Preparing netlist for logic optimization
INFO: [Opt 31-138] Pushed 0 inverter(s) to 0 load pin(s).
INFO: [Project 1-111] Unisim Transformation Summary:
No Unisim elements were transformed.

INFO: [Common 17-83] Releasing license: Synthesis
18 Infos, 100 Warnings, 0 Critical Warnings and 0 Errors encountered.
synth_design completed successfully
synth_design: Time (s): cpu = 00:01:33 ; elapsed = 00:01:43 . Memory (MB): peak = 1002.750 ; gain = 667.715
WARNING: [Constraints 18-5210] No constraint will be written out.
INFO: [Common 17-1381] The checkpoint 'C:/Users/osman/OneDrive/Desktop/vernam chiper/vhdl/vernam_chiper/vernam_chiper.runs/RAM_synth_1/RAM.dcp' has been generated.
